<?xml version="1.0" encoding="UTF-8"?>
<!-- Generated by org.testng.reporters.JUnitReportReporter -->
<testsuite skipped="0" hostname="DESKTOP-F39IKI8" name="com.udemy.cicddemo.TestClass1" tests="3" failures="0" timestamp="16 Feb 2019 17:45:50 GMT" time="45.895" errors="0">
  <testcase name="test3" time="12.149" classname="com.udemy.cicddemo.TestClass1"/>
  <testcase name="test2" time="12.776" classname="com.udemy.cicddemo.TestClass1"/>
  <testcase name="test1" time="20.970" classname="com.udemy.cicddemo.TestClass1"/>
</testsuite> <!-- com.udemy.cicddemo.TestClass1 -->
