<?xml version="1.0" encoding="UTF-8"?>
<!-- Generated by org.testng.reporters.JUnitReportReporter -->
<testsuite skipped="0" hostname="DESKTOP-F39IKI8" name="com.udemy.cicddemo.TestClass1" tests="3" failures="0" timestamp="03 Mar 2019 00:58:42 GMT" time="25.177" errors="0">
  <testcase name="test2" time="8.363" classname="com.udemy.cicddemo.TestClass1"/>
  <testcase name="test1" time="10.268" classname="com.udemy.cicddemo.TestClass1"/>
  <testcase name="test3" time="6.546" classname="com.udemy.cicddemo.TestClass1"/>
</testsuite> <!-- com.udemy.cicddemo.TestClass1 -->
