<?xml version="1.0" encoding="UTF-8"?>
<!-- Generated by org.testng.reporters.JUnitReportReporter -->
<testsuite skipped="0" hostname="DESKTOP-F39IKI8" name="com.udemy.cicddemo.TestClass1" tests="3" failures="0" timestamp="02 Mar 2019 19:16:09 GMT" time="34.152" errors="0">
  <testcase name="test2" time="12.884" classname="com.udemy.cicddemo.TestClass1"/>
  <testcase name="test1" time="11.974" classname="com.udemy.cicddemo.TestClass1"/>
  <testcase name="test3" time="9.294" classname="com.udemy.cicddemo.TestClass1"/>
</testsuite> <!-- com.udemy.cicddemo.TestClass1 -->
